This is pdfTeX, Version 3.14159265-2.6-1.40.16 (TeX Live 2015/Debian) (preloaded format=pdflatex 2018.10.12)  11 APR 2019 18:24
entering extended mode
 restricted \write18 enabled.
 %&-line parsing enabled.
**SolverEquations.tex
(./SolverEquations.tex
LaTeX2e <2016/02/01>
Babel <3.9q> and hyphenation patterns for 3 language(s) loaded.
(/usr/share/texlive/texmf-dist/tex/latex/base/article.cls
Document Class: article 2014/09/29 v1.4h Standard LaTeX document class
(/usr/share/texlive/texmf-dist/tex/latex/base/size10.clo
File: size10.clo 2014/09/29 v1.4h Standard LaTeX file (size option)
)
\c@part=\count79
\c@section=\count80
\c@subsection=\count81
\c@subsubsection=\count82
\c@paragraph=\count83
\c@subparagraph=\count84
\c@figure=\count85
\c@table=\count86
\abovecaptionskip=\skip41
\belowcaptionskip=\skip42
\bibindent=\dimen102
)
(/usr/share/texlive/texmf-dist/tex/latex/graphics/graphicx.sty
Package: graphicx 2014/10/28 v1.0g Enhanced LaTeX Graphics (DPC,SPQR)

(/usr/share/texlive/texmf-dist/tex/latex/graphics/keyval.sty
Package: keyval 2014/10/28 v1.15 key=value parser (DPC)
\KV@toks@=\toks14
)
(/usr/share/texlive/texmf-dist/tex/latex/graphics/graphics.sty
Package: graphics 2016/01/03 v1.0q Standard LaTeX Graphics (DPC,SPQR)

(/usr/share/texlive/texmf-dist/tex/latex/graphics/trig.sty
Package: trig 2016/01/03 v1.10 sin cos tan (DPC)
)
(/usr/share/texlive/texmf-dist/tex/latex/latexconfig/graphics.cfg
File: graphics.cfg 2010/04/23 v1.9 graphics configuration of TeX Live
)
Package graphics Info: Driver file: pdftex.def on input line 95.

(/usr/share/texlive/texmf-dist/tex/latex/pdftex-def/pdftex.def
File: pdftex.def 2011/05/27 v0.06d Graphics/color for pdfTeX

(/usr/share/texlive/texmf-dist/tex/generic/oberdiek/infwarerr.sty
Package: infwarerr 2010/04/08 v1.3 Providing info/warning/error messages (HO)
)
(/usr/share/texlive/texmf-dist/tex/generic/oberdiek/ltxcmds.sty
Package: ltxcmds 2011/11/09 v1.22 LaTeX kernel commands for general use (HO)
)
\Gread@gobject=\count87
))
\Gin@req@height=\dimen103
\Gin@req@width=\dimen104
)
(/usr/share/texlive/texmf-dist/tex/latex/amsmath/amsmath.sty
Package: amsmath 2016/03/03 v2.15a AMS math features
\@mathmargin=\skip43

For additional information on amsmath, use the `?' option.
(/usr/share/texlive/texmf-dist/tex/latex/amsmath/amstext.sty
Package: amstext 2000/06/29 v2.01 AMS text

(/usr/share/texlive/texmf-dist/tex/latex/amsmath/amsgen.sty
File: amsgen.sty 1999/11/30 v2.0 generic functions
\@emptytoks=\toks15
\ex@=\dimen105
))
(/usr/share/texlive/texmf-dist/tex/latex/amsmath/amsbsy.sty
Package: amsbsy 1999/11/29 v1.2d Bold Symbols
\pmbraise@=\dimen106
)
(/usr/share/texlive/texmf-dist/tex/latex/amsmath/amsopn.sty
Package: amsopn 1999/12/14 v2.01 operator names
)
\inf@bad=\count88
LaTeX Info: Redefining \frac on input line 199.
\uproot@=\count89
\leftroot@=\count90
LaTeX Info: Redefining \overline on input line 297.
\classnum@=\count91
\DOTSCASE@=\count92
LaTeX Info: Redefining \ldots on input line 394.
LaTeX Info: Redefining \dots on input line 397.
LaTeX Info: Redefining \cdots on input line 518.
\Mathstrutbox@=\box26
\strutbox@=\box27
\big@size=\dimen107
LaTeX Font Info:    Redeclaring font encoding OML on input line 630.
LaTeX Font Info:    Redeclaring font encoding OMS on input line 631.
\macc@depth=\count93
\c@MaxMatrixCols=\count94
\dotsspace@=\muskip10
\c@parentequation=\count95
\dspbrk@lvl=\count96
\tag@help=\toks16
\row@=\count97
\column@=\count98
\maxfields@=\count99
\andhelp@=\toks17
\eqnshift@=\dimen108
\alignsep@=\dimen109
\tagshift@=\dimen110
\tagwidth@=\dimen111
\totwidth@=\dimen112
\lineht@=\dimen113
\@envbody=\toks18
\multlinegap=\skip44
\multlinetaggap=\skip45
\mathdisplay@stack=\toks19
LaTeX Info: Redefining \[ on input line 2735.
LaTeX Info: Redefining \] on input line 2736.
)
(./SolverEquations.aux (./title.aux))
\openout1 = `SolverEquations.aux'.

LaTeX Font Info:    Checking defaults for OML/cmm/m/it on input line 5.
LaTeX Font Info:    ... okay on input line 5.
LaTeX Font Info:    Checking defaults for T1/cmr/m/n on input line 5.
LaTeX Font Info:    ... okay on input line 5.
LaTeX Font Info:    Checking defaults for OT1/cmr/m/n on input line 5.
LaTeX Font Info:    ... okay on input line 5.
LaTeX Font Info:    Checking defaults for OMS/cmsy/m/n on input line 5.
LaTeX Font Info:    ... okay on input line 5.
LaTeX Font Info:    Checking defaults for OMX/cmex/m/n on input line 5.
LaTeX Font Info:    ... okay on input line 5.
LaTeX Font Info:    Checking defaults for U/cmr/m/n on input line 5.
LaTeX Font Info:    ... okay on input line 5.

(/usr/share/texlive/texmf-dist/tex/context/base/supp-pdf.mkii
[Loading MPS to PDF converter (version 2006.09.02).]
\scratchcounter=\count100
\scratchdimen=\dimen114
\scratchbox=\box28
\nofMPsegments=\count101
\nofMParguments=\count102
\everyMPshowfont=\toks20
\MPscratchCnt=\count103
\MPscratchDim=\dimen115
\MPnumerator=\count104
\makeMPintoPDFobject=\count105
\everyMPtoPDFconversion=\toks21
) (/usr/share/texlive/texmf-dist/tex/generic/oberdiek/pdftexcmds.sty
Package: pdftexcmds 2011/11/29 v0.20 Utility functions of pdfTeX for LuaTeX (HO
)

(/usr/share/texlive/texmf-dist/tex/generic/oberdiek/ifluatex.sty
Package: ifluatex 2010/03/01 v1.3 Provides the ifluatex switch (HO)
Package ifluatex Info: LuaTeX not detected.
)
(/usr/share/texlive/texmf-dist/tex/generic/oberdiek/ifpdf.sty
Package: ifpdf 2011/01/30 v2.3 Provides the ifpdf switch (HO)
Package ifpdf Info: pdfTeX in PDF mode is detected.
)
Package pdftexcmds Info: LuaTeX not detected.
Package pdftexcmds Info: \pdf@primitive is available.
Package pdftexcmds Info: \pdf@ifprimitive is available.
Package pdftexcmds Info: \pdfdraftmode found.
)
(/usr/share/texlive/texmf-dist/tex/latex/oberdiek/epstopdf-base.sty
Package: epstopdf-base 2010/02/09 v2.5 Base part for package epstopdf

(/usr/share/texlive/texmf-dist/tex/latex/oberdiek/grfext.sty
Package: grfext 2010/08/19 v1.1 Manage graphics extensions (HO)

(/usr/share/texlive/texmf-dist/tex/generic/oberdiek/kvdefinekeys.sty
Package: kvdefinekeys 2011/04/07 v1.3 Define keys (HO)
))
(/usr/share/texlive/texmf-dist/tex/latex/oberdiek/kvoptions.sty
Package: kvoptions 2011/06/30 v3.11 Key value format for package options (HO)

(/usr/share/texlive/texmf-dist/tex/generic/oberdiek/kvsetkeys.sty
Package: kvsetkeys 2012/04/25 v1.16 Key value parser (HO)

(/usr/share/texlive/texmf-dist/tex/generic/oberdiek/etexcmds.sty
Package: etexcmds 2011/02/16 v1.5 Avoid name clashes with e-TeX commands (HO)
Package etexcmds Info: Could not find \expanded.
(etexcmds)             That can mean that you are not using pdfTeX 1.50 or
(etexcmds)             that some package has redefined \expanded.
(etexcmds)             In the latter case, load this package earlier.
)))
Package grfext Info: Graphics extension search list:
(grfext)             [.png,.pdf,.jpg,.mps,.jpeg,.jbig2,.jb2,.PNG,.PDF,.JPG,.JPE
G,.JBIG2,.JB2,.eps]
(grfext)             \AppendGraphicsExtensions on input line 452.

(/usr/share/texlive/texmf-dist/tex/latex/latexconfig/epstopdf-sys.cfg
File: epstopdf-sys.cfg 2010/07/13 v1.3 Configuration of (r)epstopdf for TeX Liv
e
))
\openout2 = `title.aux'.


No file title.tex.
! Undefined control sequence.
<argument> ... t} + \nabla \cdot p (\alpha _l \bm 
                                                  {u}) = \alpha _l{\left [}\...
l.23 \end{split}
                
? 
! Extra }, or forgotten \right.
<argument> ...pha _l \bm {u}) = \alpha _l{\left [}
                                                  \alpha _v\left (\frac {\ps...
l.23 \end{split}
                
? 
! Undefined control sequence.
<argument> ...{\psi {_l}}{\rho {_l}}\right )\matD 
                                                  {p} + \alpha _v\left (\fra...
l.23 \end{split}
                
? 
! Undefined control sequence.
<argument> ...ha _v\left (\frac {p}{\rho _v}\matD 
                                                  {\psi _v}-\frac {p}{\rho _...
l.23 \end{split}
                
? 
! Undefined control sequence.
<argument> ...D {\psi _v}-\frac {p}{\rho _l}\matD 
                                                  {\psi _l}\right ) + \nabla...
l.23 \end{split}
                
? 
! Undefined control sequence.
<argument> ...psi _l}\right ) + \nabla \cdotp \bm 
                                                  {u}\right ] \\ + \alpha _l...
l.23 \end{split}
                
? 
! Missing } inserted.
<inserted text> 
                }
l.23 \end{split}
                
? 
! Undefined control sequence.
<argument> ... t} + \nabla \cdot p (\alpha _l \bm 
                                                  {u}) = \alpha _l{\left [}\...
l.23 \end{split}
                
? 
! Extra }, or forgotten \right.
<argument> ...pha _l \bm {u}) = \alpha _l{\left [}
                                                  \alpha _v\left (\frac {\ps...
l.23 \end{split}
                
? 
! Undefined control sequence.
<argument> ...{\psi {_l}}{\rho {_l}}\right )\matD 
                                                  {p} + \alpha _v\left (\fra...
l.23 \end{split}
                
? 
! Undefined control sequence.
<argument> ...ha _v\left (\frac {p}{\rho _v}\matD 
                                                  {\psi _v}-\frac {p}{\rho _...
l.23 \end{split}
                
? 
! Undefined control sequence.
<argument> ...D {\psi _v}-\frac {p}{\rho _l}\matD 
                                                  {\psi _l}\right ) + \nabla...
l.23 \end{split}
                
? 
! Undefined control sequence.
<argument> ...psi _l}\right ) + \nabla \cdotp \bm 
                                                  {u}\right ] \\ + \alpha _l...
l.23 \end{split}
                
? 
! Missing } inserted.
<inserted text> 
                }
l.23 \end{split}
                
? 
! Undefined control sequence.
<argument> ...l t} + \nabla \cdotp (\alpha _l \bm 
                                                  {u}) + \nabla \cdot (\alph...
l.34 \end{split}
                
? 
! Undefined control sequence.
<argument> ...rac {\psi _l}{\rho _l}\right )\matD 
                                                  {p} + \alpha _v\left (\fra...
l.34 \end{split}
                
? 
! Undefined control sequence.
<argument> ...ha _v\left (\frac {p}{\rho _v}\matD 
                                                  {\psi _v}-\frac {p}{\rho _...
l.34 \end{split}
                
? 
! Undefined control sequence.
<argument> ...D {\psi _v}-\frac {p}{\rho _l}\matD 
                                                  {\psi _l}\right ) + \nabla...
l.34 \end{split}
                
? 
! Undefined control sequence.
<argument> ...psi _l}\right ) + \nabla \cdotp \bm 
                                                  {u}\right ] \\ + \alpha _l...
l.34 \end{split}
                
? 
! Undefined control sequence.
<argument> ...l t} + \nabla \cdotp (\alpha _l \bm 
                                                  {u}) + \nabla \cdot (\alph...
l.34 \end{split}
                
? 
! Undefined control sequence.
<argument> ...rac {\psi _l}{\rho _l}\right )\matD 
                                                  {p} + \alpha _v\left (\fra...
l.34 \end{split}
                
? 
! Undefined control sequence.
<argument> ...ha _v\left (\frac {p}{\rho _v}\matD 
                                                  {\psi _v}-\frac {p}{\rho _...
l.34 \end{split}
                
? 
! Undefined control sequence.
<argument> ...D {\psi _v}-\frac {p}{\rho _l}\matD 
                                                  {\psi _l}\right ) + \nabla...
l.34 \end{split}
                
? 
! Undefined control sequence.
<argument> ...psi _l}\right ) + \nabla \cdotp \bm 
                                                  {u}\right ] \\ + \alpha _l...
l.34 \end{split}
                
? 
! Undefined control sequence.
<argument> ...l t} + \nabla \cdotp (\alpha _l \bm 
                                                  {u}) =& \alpha _l\left [\a...
l.44 \end{split}
                
? 
! Undefined control sequence.
<argument> ...rac {\psi _l}{\rho _l}\right )\matD 
                                                  {p} + \alpha _v\left (\fra...
l.44 \end{split}
                
? 
! Undefined control sequence.
<argument> ...ha _v\left (\frac {p}{\rho _v}\matD 
                                                  {\psi _v}-\frac {p}{\rho _...
l.44 \end{split}
                
? 
! Undefined control sequence.
<argument> ...D {\psi _v}-\frac {p}{\rho _l}\matD 
                                                  {\psi _l}\right ) + \nabla...
l.44 \end{split}
                
? 
! Undefined control sequence.
<argument> ...psi _l}\right ) + \nabla \cdotp \bm 
                                                  {u}\right ] \\ & + \alpha ...
l.44 \end{split}
                
? 
! Undefined control sequence.
<argument> ...l t} + \nabla \cdotp (\alpha _l \bm 
                                                  {u}) =& \alpha _l\left [\a...
l.44 \end{split}
                
? 
! Undefined control sequence.
<argument> ...rac {\psi _l}{\rho _l}\right )\matD 
                                                  {p} + \alpha _v\left (\fra...
l.44 \end{split}
                
? 
! Undefined control sequence.
<argument> ...ha _v\left (\frac {p}{\rho _v}\matD 
                                                  {\psi _v}-\frac {p}{\rho _...
l.44 \end{split}
                
? 
! Undefined control sequence.
<argument> ...D {\psi _v}-\frac {p}{\rho _l}\matD 
                                                  {\psi _l}\right ) + \nabla...
l.44 \end{split}
                
? 
! Undefined control sequence.
<argument> ...psi _l}\right ) + \nabla \cdotp \bm 
                                                  {u}\right ] \\ & + \alpha ...
l.44 \end{split}
                
? 
! Undefined control sequence.
l.49 ...{\rho_v}-\frac{\psi_l}{\rho_l}\right)\matD
                                                  {p}  + \alpha_v\left(\frac...

? 
! Undefined control sequence.
l.49 ...{p}  + \alpha_v\left(\frac{p}{\rho_v}\matD
                                                  {\psi_v}-\frac{p}{\rho_l}\...

? 
! Undefined control sequence.
l.49 ...\rho_v}\matD{\psi_v}-\frac{p}{\rho_l}\matD
                                                  {\psi_l}\right)\right]
? 
[1



{/var/lib/texmf/fonts/map/pdftex/updmap/pdftex.map}] [2] [3]
! You can't use `\eqno' in math mode.
\endmathdisplay@a ...\df@tag \@empty \else \veqno 
                                                  \alt@tag \df@tag \fi \ifx ...
l.155 \end{equation}
                    
? 
! Missing } inserted.
<inserted text> 
                }
l.155 \end{equation}
                    
? 
! You can't use `\eqno' in math mode.
\endmathdisplay@a ...\df@tag \@empty \else \veqno 
                                                  \alt@tag \df@tag \fi \ifx ...
l.159 \end{equation}
                    
? 
! Missing } inserted.
<inserted text> 
                }
l.159 \end{equation}
                    
? 
(./SolverEquations.bbl [4]) [5] (./SolverEquations.aux (./title.aux)) ) 
Here is how much of TeX's memory you used:
 2090 strings out of 494953
 28030 string characters out of 6180976
 92371 words of memory out of 5000000
 5370 multiletter control sequences out of 15000+600000
 5650 words of font info for 21 fonts, out of 8000000 for 9000
 14 hyphenation exceptions out of 8191
 38i,19n,23p,609b,205s stack positions out of 5000i,500n,10000p,200000b,80000s
</usr/sh
are/texlive/texmf-dist/fonts/type1/public/amsfonts/cm/cmbx12.pfb></usr/share/te
xlive/texmf-dist/fonts/type1/public/amsfonts/cm/cmex10.pfb></usr/share/texlive/
texmf-dist/fonts/type1/public/amsfonts/cm/cmmi10.pfb></usr/share/texlive/texmf-
dist/fonts/type1/public/amsfonts/cm/cmmi5.pfb></usr/share/texlive/texmf-dist/fo
nts/type1/public/amsfonts/cm/cmmi7.pfb></usr/share/texlive/texmf-dist/fonts/typ
e1/public/amsfonts/cm/cmr10.pfb></usr/share/texlive/texmf-dist/fonts/type1/publ
ic/amsfonts/cm/cmr7.pfb></usr/share/texlive/texmf-dist/fonts/type1/public/amsfo
nts/cm/cmsy10.pfb></usr/share/texlive/texmf-dist/fonts/type1/public/amsfonts/cm
/cmsy7.pfb></usr/share/texlive/texmf-dist/fonts/type1/public/amsfonts/cm/cmti10
.pfb>
Output written on SolverEquations.pdf (5 pages, 132547 bytes).
PDF statistics:
 60 PDF objects out of 1000 (max. 8388607)
 42 compressed objects within 1 object stream
 0 named destinations out of 1000 (max. 500000)
 1 words of extra memory for PDF output out of 10000 (max. 10000000)

